[20 INFO][__main__][2021-11-27 00:48:57,065][5076 MainProcess 140047584335680 MainThread][MainGame.py <module> 14]::	WoG Run
[20 INFO][Live][2021-11-27 00:48:57,067][5076 MainProcess 140047584335680 MainThread][Live.py load_game 119]::	Games is loading...
[20 INFO][Live][2021-11-27 00:48:57,067][5076 MainProcess 140047584335680 MainThread][Live.py load_game 128]::	Prompt player to choose game from ['Memory Game', 'Guess Game', 'Currency Roulette']
[20 INFO][Live][2021-11-27 00:49:03,770][5076 MainProcess 140047584335680 MainThread][Live.py load_game 137]::	Player chose the game: Guess Game
[20 INFO][Live][2021-11-27 00:49:03,770][5076 MainProcess 140047584335680 MainThread][Live.py load_game 140]::	Prompt player to choose difficulty level from 1 to 5
[40 ERROR][Live][2021-11-27 00:49:07,370][5076 MainProcess 140047584335680 MainThread][Live.py load_game 147]::	Player failed to choose a difficulty level, because of invalid input
[40 ERROR][Live][2021-11-27 00:49:15,345][5076 MainProcess 140047584335680 MainThread][Live.py _choose_difficulty_level 111]::	Expected game difficulty from 1 to 5 but got 7
[40 ERROR][Live][2021-11-27 00:49:15,346][5076 MainProcess 140047584335680 MainThread][Live.py load_game 147]::	Player failed to choose a difficulty level, because of invalid input
[20 INFO][Live][2021-11-27 00:49:34,807][5076 MainProcess 140047584335680 MainThread][Live.py load_game 152]::	Player chose difficulty level: 3
[20 INFO][Live][2021-11-27 00:49:34,807][5076 MainProcess 140047584335680 MainThread][Live.py load_game 161]::	Player is about to play:Guess Game
[20 INFO][Games.GuessGame][2021-11-27 00:49:34,808][5076 MainProcess 140047584335680 MainThread][GuessGame.py play 66]::	Player playing GuessGame
[10 DEBUG][Games.GuessGame][2021-11-27 00:49:34,808][5076 MainProcess 140047584335680 MainThread][GuessGame.py play 75]::	Thread ApplyGuessThread is about to start
[10 DEBUG][Games.GuessGame][2021-11-27 00:49:34,808][5076 MainProcess 140047584335680 MainThread][GuessGame.py play 77]::	Thread 140047524169472-ApplyGuessThread started to run
[10 DEBUG][Games.GuessGame][2021-11-27 00:49:34,808][5076 MainProcess 140047584335680 MainThread][GuessGame.py play 75]::	Thread GenerateNumberThread is about to start
[10 DEBUG][Games.GuessGame][2021-11-27 00:49:34,809][5076 MainProcess 140047584335680 MainThread][GuessGame.py play 77]::	Thread 140047515776768-GenerateNumberThread started to run
[10 DEBUG][Games.GuessGame][2021-11-27 00:49:34,809][5076 MainProcess 140047584335680 MainThread][GuessGame.py play 83]::	Waiting for these Threads to finish: ['140047524169472-ApplyGuessThread', '140047515776768-GenerateNumberThread']
[10 DEBUG][Games.GuessGame][2021-11-27 00:49:34,809][5076 MainProcess 140047515776768 GenerateNumberThread][GuessGame.py generate_number 33]::	Generated secret number: 1
[10 DEBUG][Games.GuessGame][2021-11-27 00:49:35,309][5076 MainProcess 140047584335680 MainThread][GuessGame.py play 83]::	Waiting for these Threads to finish: ['140047524169472-ApplyGuessThread']
[10 DEBUG][Games.GuessGame][2021-11-27 00:49:35,810][5076 MainProcess 140047584335680 MainThread][GuessGame.py play 83]::	Waiting for these Threads to finish: ['140047524169472-ApplyGuessThread']
[10 DEBUG][Games.GuessGame][2021-11-27 00:49:36,310][5076 MainProcess 140047584335680 MainThread][GuessGame.py play 83]::	Waiting for these Threads to finish: ['140047524169472-ApplyGuessThread']
[10 DEBUG][Games.GuessGame][2021-11-27 00:49:36,811][5076 MainProcess 140047584335680 MainThread][GuessGame.py play 83]::	Waiting for these Threads to finish: ['140047524169472-ApplyGuessThread']
[10 DEBUG][Games.GuessGame][2021-11-27 00:49:37,311][5076 MainProcess 140047584335680 MainThread][GuessGame.py play 83]::	Waiting for these Threads to finish: ['140047524169472-ApplyGuessThread']
[10 DEBUG][Games.GuessGame][2021-11-27 00:49:37,811][5076 MainProcess 140047584335680 MainThread][GuessGame.py play 83]::	Waiting for these Threads to finish: ['140047524169472-ApplyGuessThread']
[10 DEBUG][Games.GuessGame][2021-11-27 00:49:38,313][5076 MainProcess 140047584335680 MainThread][GuessGame.py play 83]::	Waiting for these Threads to finish: ['140047524169472-ApplyGuessThread']
[10 DEBUG][Games.GuessGame][2021-11-27 00:49:38,813][5076 MainProcess 140047584335680 MainThread][GuessGame.py play 83]::	Waiting for these Threads to finish: ['140047524169472-ApplyGuessThread']
[10 DEBUG][Games.GuessGame][2021-11-27 00:49:39,313][5076 MainProcess 140047584335680 MainThread][GuessGame.py play 83]::	Waiting for these Threads to finish: ['140047524169472-ApplyGuessThread']
[10 DEBUG][Games.GuessGame][2021-11-27 00:49:39,814][5076 MainProcess 140047584335680 MainThread][GuessGame.py play 83]::	Waiting for these Threads to finish: ['140047524169472-ApplyGuessThread']
[10 DEBUG][Games.GuessGame][2021-11-27 00:49:40,314][5076 MainProcess 140047584335680 MainThread][GuessGame.py play 83]::	Waiting for these Threads to finish: ['140047524169472-ApplyGuessThread']
[10 DEBUG][Games.GuessGame][2021-11-27 00:49:40,815][5076 MainProcess 140047584335680 MainThread][GuessGame.py play 83]::	Waiting for these Threads to finish: ['140047524169472-ApplyGuessThread']
[10 DEBUG][Games.GuessGame][2021-11-27 00:49:41,315][5076 MainProcess 140047584335680 MainThread][GuessGame.py play 83]::	Waiting for these Threads to finish: ['140047524169472-ApplyGuessThread']
[10 DEBUG][Games.GuessGame][2021-11-27 00:49:41,816][5076 MainProcess 140047584335680 MainThread][GuessGame.py play 83]::	Waiting for these Threads to finish: ['140047524169472-ApplyGuessThread']
[10 DEBUG][Games.GuessGame][2021-11-27 00:49:42,316][5076 MainProcess 140047584335680 MainThread][GuessGame.py play 83]::	Waiting for these Threads to finish: ['140047524169472-ApplyGuessThread']
[10 DEBUG][Games.GuessGame][2021-11-27 00:49:42,816][5076 MainProcess 140047584335680 MainThread][GuessGame.py play 83]::	Waiting for these Threads to finish: ['140047524169472-ApplyGuessThread']
[10 DEBUG][Games.GuessGame][2021-11-27 00:49:43,317][5076 MainProcess 140047584335680 MainThread][GuessGame.py play 83]::	Waiting for these Threads to finish: ['140047524169472-ApplyGuessThread']
[10 DEBUG][Games.GuessGame][2021-11-27 00:49:43,817][5076 MainProcess 140047584335680 MainThread][GuessGame.py play 83]::	Waiting for these Threads to finish: ['140047524169472-ApplyGuessThread']
[10 DEBUG][Games.GuessGame][2021-11-27 00:49:44,318][5076 MainProcess 140047584335680 MainThread][GuessGame.py play 83]::	Waiting for these Threads to finish: ['140047524169472-ApplyGuessThread']
[10 DEBUG][Games.GuessGame][2021-11-27 00:49:44,818][5076 MainProcess 140047584335680 MainThread][GuessGame.py play 83]::	Waiting for these Threads to finish: ['140047524169472-ApplyGuessThread']
[10 DEBUG][Games.GuessGame][2021-11-27 00:49:45,319][5076 MainProcess 140047584335680 MainThread][GuessGame.py play 83]::	Waiting for these Threads to finish: ['140047524169472-ApplyGuessThread']
[10 DEBUG][Games.GuessGame][2021-11-27 00:49:45,819][5076 MainProcess 140047584335680 MainThread][GuessGame.py play 83]::	Waiting for these Threads to finish: ['140047524169472-ApplyGuessThread']
[10 DEBUG][Games.GuessGame][2021-11-27 00:49:46,320][5076 MainProcess 140047584335680 MainThread][GuessGame.py play 83]::	Waiting for these Threads to finish: ['140047524169472-ApplyGuessThread']
[10 DEBUG][Games.GuessGame][2021-11-27 00:49:46,821][5076 MainProcess 140047584335680 MainThread][GuessGame.py play 83]::	Waiting for these Threads to finish: ['140047524169472-ApplyGuessThread']
[10 DEBUG][Games.GuessGame][2021-11-27 00:49:47,322][5076 MainProcess 140047584335680 MainThread][GuessGame.py play 83]::	Waiting for these Threads to finish: ['140047524169472-ApplyGuessThread']
[10 DEBUG][Games.GuessGame][2021-11-27 00:49:47,527][5076 MainProcess 140047524169472 ApplyGuessThread][GuessGame.py get_guess_from_user 45]::	Player input: 1
[10 DEBUG][Games.GuessGame][2021-11-27 00:49:47,527][5076 MainProcess 140047524169472 ApplyGuessThread][GuessGame.py get_guess_from_user 56]::	Player guess: 1
[10 DEBUG][Games.GuessGame][2021-11-27 00:49:47,822][5076 MainProcess 140047584335680 MainThread][GuessGame.py play 86]::	Done waiting for threads
[20 INFO][Games.GuessGame][2021-11-27 00:49:47,822][5076 MainProcess 140047584335680 MainThread][GuessGame.py play 90]::	A secret number generated: 1
[20 INFO][Games.GuessGame][2021-11-27 00:49:47,822][5076 MainProcess 140047584335680 MainThread][GuessGame.py play 91]::	Player apply guess: 1
[20 INFO][Games.GuessGame][2021-11-27 00:49:47,822][5076 MainProcess 140047584335680 MainThread][GuessGame.py play 95]::	Players guess 1 is correct.
[20 INFO][Games.GuessGame][2021-11-27 00:49:47,822][5076 MainProcess 140047584335680 MainThread][GuessGame.py play 100]::	Did player win the game: True
[20 INFO][Live][2021-11-27 00:49:47,823][5076 MainProcess 140047584335680 MainThread][Live.py load_game 166]::	Player finished and win the game Guess Game
[20 INFO][__main__][2021-11-27 00:49:47,823][5076 MainProcess 140047584335680 MainThread][MainGame.py <module> 26]::	WoG Finished